--------------- Build Started: 05/19/2019 14:07:25 Project: ECGgenarator, Configuration: ARM GCC 5.4-2016-q2-update Debug ---------------
cydsfit.exe -.appdatapath "C:\Users\nikod\AppData\Local\Cypress Semiconductor\PSoC Creator\4.2" -.fdsnotice -.fdswarpdepfile=warp_dependencies.txt -.fdselabdepfile=elab_dependencies.txt -.fdsbldfile=generated_files.txt -.fdsreffile=referenced_files.txt -p "C:\Users\nikod\Documents\PSoC Creator\Signals\ECGgenarator.cydsn\ECGgenarator.cyprj" -d CY8C5888LTI-LP097 -s "C:\Users\nikod\Documents\PSoC Creator\Signals\ECGgenarator.cydsn\Generated_Source\PSoC5" -- -yv2 -q10 -ygs -o2 -v3 -.fftcfgtype=LE
Elaborating Design...
HDL Generation...
Synthesis...
Tech Mapping...
ADD: pft.M0040: information: The following 2 pin(s) will be assigned a location by the fitter: LEDS(0), LEDS(1)
Analog Placement...
Log: apr.M0058: The analog placement iterative improvement is 48% done. (App=cydsfit)
Analog Routing...
Analog Code Generation...
Digital Placement...
Digital Routing...
Bitstream Generation...
Bitstream Verification...
Static timing analysis...
API Generation...
Dependency Generation...
Cleanup...
--------------- Build Skipped: 05/19/2019 14:07:41 ---------------
