ARM GAS  C:\Users\nikod\AppData\Local\Temp\ccAsAI7K.s 			page 1


   1              		.syntax unified
   2              		.cpu cortex-m3
   3              		.fpu softvfp
   4              		.eabi_attribute 20, 1
   5              		.eabi_attribute 21, 1
   6              		.eabi_attribute 23, 3
   7              		.eabi_attribute 24, 1
   8              		.eabi_attribute 25, 1
   9              		.eabi_attribute 26, 1
  10              		.eabi_attribute 30, 1
  11              		.eabi_attribute 34, 1
  12              		.eabi_attribute 18, 4
  13              		.thumb
  14              		.syntax unified
  15              		.file	"cymetadata.c"
  16              		.text
  17              	.Ltext0:
  18              		.cfi_sections	.debug_frame
  19              		.global	cy_metadata
  20              		.global	cy_meta_flashprotect
  21              		.global	cy_meta_wonvl
  22              		.global	cy_meta_custnvl
  23              		.global	cy_meta_configecc
  24              		.section	.cyconfigecc,"a",%progbits
  25              		.align	2
  26              		.type	cy_meta_configecc, %object
  27              		.size	cy_meta_configecc, 36
  28              	cy_meta_configecc:
  29 0000 01       		.byte	1
  30 0001 45       		.byte	69
  31 0002 00       		.byte	0
  32 0003 40       		.byte	64
  33 0004 12       		.byte	18
  34 0005 02       		.byte	2
  35 0006 00       		.byte	0
  36 0007 00       		.byte	0
  37 0008 00       		.byte	0
  38 0009 C0       		.byte	-64
  39 000a C0       		.byte	-64
  40 000b 00       		.byte	0
  41 000c 00       		.byte	0
  42 000d 00       		.byte	0
  43 000e 00       		.byte	0
  44 000f 00       		.byte	0
  45 0010 00       		.byte	0
  46 0011 0B       		.byte	11
  47 0012 0B       		.byte	11
  48 0013 00       		.byte	0
  49 0014 00       		.byte	0
  50 0015 00       		.byte	0
  51 0016 00       		.byte	0
  52 0017 00       		.byte	0
  53 0018 04       		.byte	4
  54 0019 00       		.byte	0
  55 001a 00       		.byte	0
  56 001b 04       		.byte	4
  57 001c 00       		.byte	0
ARM GAS  C:\Users\nikod\AppData\Local\Temp\ccAsAI7K.s 			page 2


  58 001d 00       		.byte	0
  59 001e 00       		.byte	0
  60 001f 00       		.byte	0
  61 0020 02       		.byte	2
  62 0021 00       		.byte	0
  63 0022 00       		.byte	0
  64 0023 00       		.byte	0
  65              		.section	.cywolatch,"a",%progbits
  66              		.align	2
  67              		.type	cy_meta_wonvl, %object
  68              		.size	cy_meta_wonvl, 4
  69              	cy_meta_wonvl:
  70 0000 BC       		.byte	-68
  71 0001 90       		.byte	-112
  72 0002 AC       		.byte	-84
  73 0003 AF       		.byte	-81
  74              		.section	.cycustnvl,"a",%progbits
  75              		.align	2
  76              		.type	cy_meta_custnvl, %object
  77              		.size	cy_meta_custnvl, 4
  78              	cy_meta_custnvl:
  79 0000 00       		.byte	0
  80 0001 00       		.byte	0
  81 0002 40       		.byte	64
  82 0003 05       		.byte	5
  83              		.section	.cymeta,"a",%progbits
  84              		.align	2
  85              		.type	cy_metadata, %object
  86              		.size	cy_metadata, 12
  87              	cy_metadata:
  88 0000 00       		.byte	0
  89 0001 01       		.byte	1
  90 0002 2E       		.byte	46
  91 0003 16       		.byte	22
  92 0004 10       		.byte	16
  93 0005 69       		.byte	105
  94 0006 00       		.byte	0
  95 0007 01       		.byte	1
  96 0008 00       		.byte	0
  97 0009 00       		.byte	0
  98 000a 00       		.byte	0
  99 000b 00       		.byte	0
 100              		.section	.cyflashprotect,"a",%progbits
 101              		.align	2
 102              		.type	cy_meta_flashprotect, %object
 103              		.size	cy_meta_flashprotect, 256
 104              	cy_meta_flashprotect:
 105 0000 00000000 		.space	256
 105      00000000 
 105      00000000 
 105      00000000 
 105      00000000 
 106              		.text
 107              	.Letext0:
 108              		.file 1 "c:\\program files (x86)\\cypress\\psoc creator\\4.2\\psoc creator\\import\\gnu\\arm\\5.4.
 109              		.file 2 "c:\\program files (x86)\\cypress\\psoc creator\\4.2\\psoc creator\\import\\gnu\\arm\\5.4.
 110              		.file 3 "Generated_Source\\PSoC5\\cymetadata.c"
ARM GAS  C:\Users\nikod\AppData\Local\Temp\ccAsAI7K.s 			page 3


 111              		.section	.debug_info,"",%progbits
 112              	.Ldebug_info0:
 113 0000 30010000 		.4byte	0x130
 114 0004 0400     		.2byte	0x4
 115 0006 00000000 		.4byte	.Ldebug_abbrev0
 116 000a 04       		.byte	0x4
 117 000b 01       		.uleb128 0x1
 118 000c 24000000 		.4byte	.LASF17
 119 0010 0C       		.byte	0xc
 120 0011 BF010000 		.4byte	.LASF18
 121 0015 69010000 		.4byte	.LASF19
 122 0019 00000000 		.4byte	.Ldebug_line0
 123 001d 02       		.uleb128 0x2
 124 001e 01       		.byte	0x1
 125 001f 06       		.byte	0x6
 126 0020 B3010000 		.4byte	.LASF0
 127 0024 03       		.uleb128 0x3
 128 0025 00000000 		.4byte	.LASF9
 129 0029 01       		.byte	0x1
 130 002a 1D       		.byte	0x1d
 131 002b 2F000000 		.4byte	0x2f
 132 002f 02       		.uleb128 0x2
 133 0030 01       		.byte	0x1
 134 0031 08       		.byte	0x8
 135 0032 16000000 		.4byte	.LASF1
 136 0036 02       		.uleb128 0x2
 137 0037 02       		.byte	0x2
 138 0038 05       		.byte	0x5
 139 0039 5F010000 		.4byte	.LASF2
 140 003d 02       		.uleb128 0x2
 141 003e 02       		.byte	0x2
 142 003f 07       		.byte	0x7
 143 0040 C4000000 		.4byte	.LASF3
 144 0044 02       		.uleb128 0x2
 145 0045 04       		.byte	0x4
 146 0046 05       		.byte	0x5
 147 0047 AA010000 		.4byte	.LASF4
 148 004b 02       		.uleb128 0x2
 149 004c 04       		.byte	0x4
 150 004d 07       		.byte	0x7
 151 004e B2000000 		.4byte	.LASF5
 152 0052 02       		.uleb128 0x2
 153 0053 08       		.byte	0x8
 154 0054 05       		.byte	0x5
 155 0055 51010000 		.4byte	.LASF6
 156 0059 02       		.uleb128 0x2
 157 005a 08       		.byte	0x8
 158 005b 07       		.byte	0x7
 159 005c 06010000 		.4byte	.LASF7
 160 0060 04       		.uleb128 0x4
 161 0061 04       		.byte	0x4
 162 0062 05       		.byte	0x5
 163 0063 696E7400 		.ascii	"int\000"
 164 0067 02       		.uleb128 0x2
 165 0068 04       		.byte	0x4
 166 0069 07       		.byte	0x7
 167 006a F9000000 		.4byte	.LASF8
ARM GAS  C:\Users\nikod\AppData\Local\Temp\ccAsAI7K.s 			page 4


 168 006e 03       		.uleb128 0x3
 169 006f 1D010000 		.4byte	.LASF10
 170 0073 02       		.byte	0x2
 171 0074 18       		.byte	0x18
 172 0075 24000000 		.4byte	0x24
 173 0079 05       		.uleb128 0x5
 174 007a 90000000 		.4byte	0x90
 175 007e 89000000 		.4byte	0x89
 176 0082 06       		.uleb128 0x6
 177 0083 89000000 		.4byte	0x89
 178 0087 23       		.byte	0x23
 179 0088 00       		.byte	0
 180 0089 02       		.uleb128 0x2
 181 008a 04       		.byte	0x4
 182 008b 07       		.byte	0x7
 183 008c 48010000 		.4byte	.LASF11
 184 0090 07       		.uleb128 0x7
 185 0091 6E000000 		.4byte	0x6e
 186 0095 08       		.uleb128 0x8
 187 0096 E7000000 		.4byte	.LASF12
 188 009a 03       		.byte	0x3
 189 009b 1F       		.byte	0x1f
 190 009c A6000000 		.4byte	0xa6
 191 00a0 05       		.uleb128 0x5
 192 00a1 03       		.byte	0x3
 193 00a2 00000000 		.4byte	cy_meta_configecc
 194 00a6 07       		.uleb128 0x7
 195 00a7 79000000 		.4byte	0x79
 196 00ab 05       		.uleb128 0x5
 197 00ac 90000000 		.4byte	0x90
 198 00b0 BB000000 		.4byte	0xbb
 199 00b4 06       		.uleb128 0x6
 200 00b5 89000000 		.4byte	0x89
 201 00b9 03       		.byte	0x3
 202 00ba 00       		.byte	0
 203 00bb 08       		.uleb128 0x8
 204 00bc D7000000 		.4byte	.LASF13
 205 00c0 03       		.byte	0x3
 206 00c1 31       		.byte	0x31
 207 00c2 CC000000 		.4byte	0xcc
 208 00c6 05       		.uleb128 0x5
 209 00c7 03       		.byte	0x3
 210 00c8 00000000 		.4byte	cy_meta_custnvl
 211 00cc 07       		.uleb128 0x7
 212 00cd AB000000 		.4byte	0xab
 213 00d1 08       		.uleb128 0x8
 214 00d2 3A010000 		.4byte	.LASF14
 215 00d6 03       		.byte	0x3
 216 00d7 3F       		.byte	0x3f
 217 00d8 E2000000 		.4byte	0xe2
 218 00dc 05       		.uleb128 0x5
 219 00dd 03       		.byte	0x3
 220 00de 00000000 		.4byte	cy_meta_wonvl
 221 00e2 07       		.uleb128 0x7
 222 00e3 AB000000 		.4byte	0xab
 223 00e7 05       		.uleb128 0x5
 224 00e8 90000000 		.4byte	0x90
ARM GAS  C:\Users\nikod\AppData\Local\Temp\ccAsAI7K.s 			page 5


 225 00ec F7000000 		.4byte	0xf7
 226 00f0 06       		.uleb128 0x6
 227 00f1 89000000 		.4byte	0x89
 228 00f5 FF       		.byte	0xff
 229 00f6 00       		.byte	0
 230 00f7 08       		.uleb128 0x8
 231 00f8 25010000 		.4byte	.LASF15
 232 00fc 03       		.byte	0x3
 233 00fd 4D       		.byte	0x4d
 234 00fe 08010000 		.4byte	0x108
 235 0102 05       		.uleb128 0x5
 236 0103 03       		.byte	0x3
 237 0104 00000000 		.4byte	cy_meta_flashprotect
 238 0108 07       		.uleb128 0x7
 239 0109 E7000000 		.4byte	0xe7
 240 010d 05       		.uleb128 0x5
 241 010e 90000000 		.4byte	0x90
 242 0112 1D010000 		.4byte	0x11d
 243 0116 06       		.uleb128 0x6
 244 0117 89000000 		.4byte	0x89
 245 011b 0B       		.byte	0xb
 246 011c 00       		.byte	0
 247 011d 08       		.uleb128 0x8
 248 011e 0A000000 		.4byte	.LASF16
 249 0122 03       		.byte	0x3
 250 0123 7A       		.byte	0x7a
 251 0124 2E010000 		.4byte	0x12e
 252 0128 05       		.uleb128 0x5
 253 0129 03       		.byte	0x3
 254 012a 00000000 		.4byte	cy_metadata
 255 012e 07       		.uleb128 0x7
 256 012f 0D010000 		.4byte	0x10d
 257 0133 00       		.byte	0
 258              		.section	.debug_abbrev,"",%progbits
 259              	.Ldebug_abbrev0:
 260 0000 01       		.uleb128 0x1
 261 0001 11       		.uleb128 0x11
 262 0002 01       		.byte	0x1
 263 0003 25       		.uleb128 0x25
 264 0004 0E       		.uleb128 0xe
 265 0005 13       		.uleb128 0x13
 266 0006 0B       		.uleb128 0xb
 267 0007 03       		.uleb128 0x3
 268 0008 0E       		.uleb128 0xe
 269 0009 1B       		.uleb128 0x1b
 270 000a 0E       		.uleb128 0xe
 271 000b 10       		.uleb128 0x10
 272 000c 17       		.uleb128 0x17
 273 000d 00       		.byte	0
 274 000e 00       		.byte	0
 275 000f 02       		.uleb128 0x2
 276 0010 24       		.uleb128 0x24
 277 0011 00       		.byte	0
 278 0012 0B       		.uleb128 0xb
 279 0013 0B       		.uleb128 0xb
 280 0014 3E       		.uleb128 0x3e
 281 0015 0B       		.uleb128 0xb
ARM GAS  C:\Users\nikod\AppData\Local\Temp\ccAsAI7K.s 			page 6


 282 0016 03       		.uleb128 0x3
 283 0017 0E       		.uleb128 0xe
 284 0018 00       		.byte	0
 285 0019 00       		.byte	0
 286 001a 03       		.uleb128 0x3
 287 001b 16       		.uleb128 0x16
 288 001c 00       		.byte	0
 289 001d 03       		.uleb128 0x3
 290 001e 0E       		.uleb128 0xe
 291 001f 3A       		.uleb128 0x3a
 292 0020 0B       		.uleb128 0xb
 293 0021 3B       		.uleb128 0x3b
 294 0022 0B       		.uleb128 0xb
 295 0023 49       		.uleb128 0x49
 296 0024 13       		.uleb128 0x13
 297 0025 00       		.byte	0
 298 0026 00       		.byte	0
 299 0027 04       		.uleb128 0x4
 300 0028 24       		.uleb128 0x24
 301 0029 00       		.byte	0
 302 002a 0B       		.uleb128 0xb
 303 002b 0B       		.uleb128 0xb
 304 002c 3E       		.uleb128 0x3e
 305 002d 0B       		.uleb128 0xb
 306 002e 03       		.uleb128 0x3
 307 002f 08       		.uleb128 0x8
 308 0030 00       		.byte	0
 309 0031 00       		.byte	0
 310 0032 05       		.uleb128 0x5
 311 0033 01       		.uleb128 0x1
 312 0034 01       		.byte	0x1
 313 0035 49       		.uleb128 0x49
 314 0036 13       		.uleb128 0x13
 315 0037 01       		.uleb128 0x1
 316 0038 13       		.uleb128 0x13
 317 0039 00       		.byte	0
 318 003a 00       		.byte	0
 319 003b 06       		.uleb128 0x6
 320 003c 21       		.uleb128 0x21
 321 003d 00       		.byte	0
 322 003e 49       		.uleb128 0x49
 323 003f 13       		.uleb128 0x13
 324 0040 2F       		.uleb128 0x2f
 325 0041 0B       		.uleb128 0xb
 326 0042 00       		.byte	0
 327 0043 00       		.byte	0
 328 0044 07       		.uleb128 0x7
 329 0045 26       		.uleb128 0x26
 330 0046 00       		.byte	0
 331 0047 49       		.uleb128 0x49
 332 0048 13       		.uleb128 0x13
 333 0049 00       		.byte	0
 334 004a 00       		.byte	0
 335 004b 08       		.uleb128 0x8
 336 004c 34       		.uleb128 0x34
 337 004d 00       		.byte	0
 338 004e 03       		.uleb128 0x3
ARM GAS  C:\Users\nikod\AppData\Local\Temp\ccAsAI7K.s 			page 7


 339 004f 0E       		.uleb128 0xe
 340 0050 3A       		.uleb128 0x3a
 341 0051 0B       		.uleb128 0xb
 342 0052 3B       		.uleb128 0x3b
 343 0053 0B       		.uleb128 0xb
 344 0054 49       		.uleb128 0x49
 345 0055 13       		.uleb128 0x13
 346 0056 3F       		.uleb128 0x3f
 347 0057 19       		.uleb128 0x19
 348 0058 02       		.uleb128 0x2
 349 0059 18       		.uleb128 0x18
 350 005a 00       		.byte	0
 351 005b 00       		.byte	0
 352 005c 00       		.byte	0
 353              		.section	.debug_aranges,"",%progbits
 354 0000 14000000 		.4byte	0x14
 355 0004 0200     		.2byte	0x2
 356 0006 00000000 		.4byte	.Ldebug_info0
 357 000a 04       		.byte	0x4
 358 000b 00       		.byte	0
 359 000c 0000     		.2byte	0
 360 000e 0000     		.2byte	0
 361 0010 00000000 		.4byte	0
 362 0014 00000000 		.4byte	0
 363              		.section	.debug_line,"",%progbits
 364              	.Ldebug_line0:
 365 0000 3D010000 		.section	.debug_str,"MS",%progbits,1
 365      02003701 
 365      00000201 
 365      FB0E0D00 
 365      01010101 
 366              	.LASF9:
 367 0000 5F5F7569 		.ascii	"__uint8_t\000"
 367      6E74385F 
 367      7400
 368              	.LASF16:
 369 000a 63795F6D 		.ascii	"cy_metadata\000"
 369      65746164 
 369      61746100 
 370              	.LASF1:
 371 0016 756E7369 		.ascii	"unsigned char\000"
 371      676E6564 
 371      20636861 
 371      7200
 372              	.LASF17:
 373 0024 474E5520 		.ascii	"GNU C11 5.4.1 20160609 (release) [ARM/embedded-5-br"
 373      43313120 
 373      352E342E 
 373      31203230 
 373      31363036 
 374 0057 616E6368 		.ascii	"anch revision 237715] -mcpu=cortex-m3 -mthumb -g -O"
 374      20726576 
 374      6973696F 
 374      6E203233 
 374      37373135 
 375 008a 67202D66 		.ascii	"g -ffunction-sections -ffat-lto-objects\000"
 375      66756E63 
ARM GAS  C:\Users\nikod\AppData\Local\Temp\ccAsAI7K.s 			page 8


 375      74696F6E 
 375      2D736563 
 375      74696F6E 
 376              	.LASF5:
 377 00b2 6C6F6E67 		.ascii	"long unsigned int\000"
 377      20756E73 
 377      69676E65 
 377      6420696E 
 377      7400
 378              	.LASF3:
 379 00c4 73686F72 		.ascii	"short unsigned int\000"
 379      7420756E 
 379      7369676E 
 379      65642069 
 379      6E7400
 380              	.LASF13:
 381 00d7 63795F6D 		.ascii	"cy_meta_custnvl\000"
 381      6574615F 
 381      63757374 
 381      6E766C00 
 382              	.LASF12:
 383 00e7 63795F6D 		.ascii	"cy_meta_configecc\000"
 383      6574615F 
 383      636F6E66 
 383      69676563 
 383      6300
 384              	.LASF8:
 385 00f9 756E7369 		.ascii	"unsigned int\000"
 385      676E6564 
 385      20696E74 
 385      00
 386              	.LASF7:
 387 0106 6C6F6E67 		.ascii	"long long unsigned int\000"
 387      206C6F6E 
 387      6720756E 
 387      7369676E 
 387      65642069 
 388              	.LASF10:
 389 011d 75696E74 		.ascii	"uint8_t\000"
 389      385F7400 
 390              	.LASF15:
 391 0125 63795F6D 		.ascii	"cy_meta_flashprotect\000"
 391      6574615F 
 391      666C6173 
 391      6870726F 
 391      74656374 
 392              	.LASF14:
 393 013a 63795F6D 		.ascii	"cy_meta_wonvl\000"
 393      6574615F 
 393      776F6E76 
 393      6C00
 394              	.LASF11:
 395 0148 73697A65 		.ascii	"sizetype\000"
 395      74797065 
 395      00
 396              	.LASF6:
 397 0151 6C6F6E67 		.ascii	"long long int\000"
ARM GAS  C:\Users\nikod\AppData\Local\Temp\ccAsAI7K.s 			page 9


 397      206C6F6E 
 397      6720696E 
 397      7400
 398              	.LASF2:
 399 015f 73686F72 		.ascii	"short int\000"
 399      7420696E 
 399      7400
 400              	.LASF19:
 401 0169 433A5C55 		.ascii	"C:\\Users\\nikod\\Documents\\PSoC Creator\\Signals\\"
 401      73657273 
 401      5C6E696B 
 401      6F645C44 
 401      6F63756D 
 402 0197 45434767 		.ascii	"ECGgenarator.cydsn\000"
 402      656E6172 
 402      61746F72 
 402      2E637964 
 402      736E00
 403              	.LASF4:
 404 01aa 6C6F6E67 		.ascii	"long int\000"
 404      20696E74 
 404      00
 405              	.LASF0:
 406 01b3 7369676E 		.ascii	"signed char\000"
 406      65642063 
 406      68617200 
 407              	.LASF18:
 408 01bf 47656E65 		.ascii	"Generated_Source\\PSoC5\\cymetadata.c\000"
 408      72617465 
 408      645F536F 
 408      75726365 
 408      5C50536F 
 409              		.ident	"GCC: (GNU Tools for ARM Embedded Processors) 5.4.1 20160609 (release) [ARM/embedded-5-bran
